Build started 10/16/2011 10:03:21 PM.
Project "c:\Users\devmachine\documents\visual studio 2010\Projects\getXandY\getXandY\getXandY.vcxproj" on node 2 (build target(s)).
InitializeBuildStatus:
  Creating "Debug\getXandY.unsuccessfulbuild" because "AlwaysCreate" was specified.
ClCompile:
  All outputs are up-to-date.
  C:\Program Files\Microsoft Visual Studio 10.0\VC\bin\CL.exe /c /ZI /nologo /W3 /WX- /Od /Oy- /D WIN32 /D _DEBUG /D _CONSOLE /D _UNICODE /D UNICODE /Gm /EHsc /RTC1 /MDd /GS /fp:precise /Zc:wchar_t /Zc:forScope /Yu"StdAfx.h" /Fp"Debug\getXandY.pch" /Fo"Debug\\" /Fd"Debug\vc100.pdb" /Gd /TP /analyze- /errorReport:prompt getXandY.cpp
  getXandY.cpp
ManifestResourceCompile:
  All outputs are up-to-date.
Link:
  C:\Program Files\Microsoft Visual Studio 10.0\VC\bin\link.exe /ERRORREPORT:PROMPT /OUT:"c:\users\devmachine\documents\visual studio 2010\Projects\getXandY\Debug\getXandY.exe" /INCREMENTAL /NOLOGO kernel32.lib user32.lib gdi32.lib winspool.lib comdlg32.lib advapi32.lib shell32.lib ole32.lib oleaut32.lib uuid.lib odbc32.lib odbccp32.lib /MANIFEST /ManifestFile:"Debug\getXandY.exe.intermediate.manifest" /MANIFESTUAC:"level='asInvoker' uiAccess='false'" /DEBUG /PDB:"c:\users\devmachine\documents\visual studio 2010\Projects\getXandY\Debug\getXandY.pdb" /SUBSYSTEM:CONSOLE /TLBID:1 /DYNAMICBASE /NXCOMPAT /IMPLIB:"c:\users\devmachine\documents\visual studio 2010\Projects\getXandY\Debug\getXandY.lib" /MACHINE:X86 Debug\getXandY.exe.embed.manifest.res
  Debug\getXandY.obj
  Debug\stdafx.obj
Manifest:
  C:\Program Files\Microsoft SDKs\Windows\v7.0A\bin\mt.exe /nologo /verbose /out:"Debug\getXandY.exe.embed.manifest" /manifest Debug\getXandY.exe.intermediate.manifest
  All outputs are up-to-date.
LinkEmbedManifest:
  All outputs are up-to-date.
  getXandY.vcxproj -> c:\users\devmachine\documents\visual studio 2010\Projects\getXandY\Debug\getXandY.exe
FinalizeBuildStatus:
  Deleting file "Debug\getXandY.unsuccessfulbuild".
  Touching "Debug\getXandY.lastbuildstate".
Done Building Project "c:\Users\devmachine\documents\visual studio 2010\Projects\getXandY\getXandY\getXandY.vcxproj" (build target(s)).

Build succeeded.

Time Elapsed 00:00:02.52
