Build started 10/16/2011 10:03:44 PM.
Project "c:\Users\devmachine\documents\visual studio 2010\Projects\getXandY\getXandY\getXandY.vcxproj" on node 2 (build target(s)).
PrepareForBuild:
  Creating directory "c:\users\devmachine\documents\visual studio 2010\Projects\getXandY\Release\".
InitializeBuildStatus:
  Creating "Release\getXandY.unsuccessfulbuild" because "AlwaysCreate" was specified.
ClCompile:
  C:\Program Files\Microsoft Visual Studio 10.0\VC\bin\CL.exe /c /Zi /nologo /W3 /WX- /O2 /Oi /Oy- /GL /D WIN32 /D NDEBUG /D _CONSOLE /D _UNICODE /D UNICODE /Gm- /EHsc /MD /GS /Gy /fp:precise /Zc:wchar_t /Zc:forScope /Yc"StdAfx.h" /Fp"Release\getXandY.pch" /Fo"Release\\" /Fd"Release\vc100.pdb" /Gd /TP /analyze- /errorReport:prompt stdafx.cpp
  stdafx.cpp
  C:\Program Files\Microsoft Visual Studio 10.0\VC\bin\CL.exe /c /Zi /nologo /W3 /WX- /O2 /Oi /Oy- /GL /D WIN32 /D NDEBUG /D _CONSOLE /D _UNICODE /D UNICODE /Gm- /EHsc /MD /GS /Gy /fp:precise /Zc:wchar_t /Zc:forScope /Yu"StdAfx.h" /Fp"Release\getXandY.pch" /Fo"Release\\" /Fd"Release\vc100.pdb" /Gd /TP /analyze- /errorReport:prompt getXandY.cpp
  getXandY.cpp
Link:
  C:\Program Files\Microsoft Visual Studio 10.0\VC\bin\link.exe /ERRORREPORT:PROMPT /OUT:"c:\users\devmachine\documents\visual studio 2010\Projects\getXandY\Release\getXandY.exe" /INCREMENTAL:NO /NOLOGO kernel32.lib user32.lib gdi32.lib winspool.lib comdlg32.lib advapi32.lib shell32.lib ole32.lib oleaut32.lib uuid.lib odbc32.lib odbccp32.lib /MANIFEST /ManifestFile:"Release\getXandY.exe.intermediate.manifest" /MANIFESTUAC:"level='asInvoker' uiAccess='false'" /DEBUG /PDB:"c:\users\devmachine\documents\visual studio 2010\Projects\getXandY\Release\getXandY.pdb" /SUBSYSTEM:CONSOLE /OPT:REF /OPT:ICF /LTCG /TLBID:1 /DYNAMICBASE /NXCOMPAT /IMPLIB:"c:\users\devmachine\documents\visual studio 2010\Projects\getXandY\Release\getXandY.lib" /MACHINE:X86 Release\getXandY.obj
  Release\stdafx.obj
  Generating code
  Finished generating code
  getXandY.vcxproj -> c:\users\devmachine\documents\visual studio 2010\Projects\getXandY\Release\getXandY.exe
Manifest:
  C:\Program Files\Microsoft SDKs\Windows\v7.0A\bin\mt.exe /nologo /verbose /outputresource:"c:\users\devmachine\documents\visual studio 2010\Projects\getXandY\Release\getXandY.exe;#1" /manifest Release\getXandY.exe.intermediate.manifest
FinalizeBuildStatus:
  Deleting file "Release\getXandY.unsuccessfulbuild".
  Touching "Release\getXandY.lastbuildstate".
Done Building Project "c:\Users\devmachine\documents\visual studio 2010\Projects\getXandY\getXandY\getXandY.vcxproj" (build target(s)).

Build succeeded.

Time Elapsed 00:00:02.41
